<?xml version="1.0" encoding="UTF-8"?>
<!-- Generated by org.testng.reporters.JUnitReportReporter -->
<testsuite skipped="0" hostname="DESKTOP-4LL8BSJ" name="aut.practice.testcase.TC_001_Login" tests="1" failures="0" timestamp="06 Mar 2019 14:17:42 GMT" time="21.095" errors="0">
  <testcase name="Login" time="21.095" classname="aut.practice.testcase.TC_001_Login"/>
</testsuite> <!-- aut.practice.testcase.TC_001_Login -->
